<?xml version="1.0" encoding="UTF-8"?>
<!-- Generated by org.testng.reporters.JUnitReportReporter -->
<testsuite hostname="DESKTOP-3RAII5H" failures="0" tests="2" name="RESTAssured.get01" time="3.849" errors="0" timestamp="2022-09-13T11:49:51 GMT-05:00" skipped="0">
  <testcase classname="RESTAssured.get01" name="get_1" time="0.278"/>
  <system-out/>
  <testcase classname="RESTAssured.get01" name="get02" time="3.571"/>
  <system-out/>
</testsuite> <!-- RESTAssured.get01 -->
