<?xml version="1.0" encoding="UTF-8"?>
<!-- Generated by org.testng.reporters.JUnitReportReporter -->
<testsuite hostname="DESKTOP-3RAII5H" failures="0" tests="1" name="RESTAssured.Get02" time="2.625" errors="0" timestamp="2022-09-13T12:16:58 GMT-05:00" skipped="0">
  <testcase classname="RESTAssured.Get02" name="get02" time="2.625"/>
  <system-out/>
</testsuite> <!-- RESTAssured.Get02 -->
