<?xml version="1.0" encoding="UTF-8"?>
<!-- Generated by org.testng.reporters.JUnitReportReporter -->
<testsuite hostname="DESKTOP-3RAII5H" failures="0" tests="2" name="RESTAssured.Post" time="3.542" errors="0" timestamp="2022-09-13T12:26:56 GMT-05:00" skipped="0">
  <testcase classname="RESTAssured.Post" name="testPost" time="3.275"/>
  <system-out/>
  <testcase classname="RESTAssured.Post" name="testget" time="0.267"/>
  <system-out/>
</testsuite> <!-- RESTAssured.Post -->
