<?xml version="1.0" encoding="UTF-8"?>
<!-- Generated by org.testng.reporters.JUnitReportReporter -->
<testsuite hostname="DESKTOP-3RAII5H" failures="0" tests="1" name="RESTAssured.get01" time="3.058" errors="0" timestamp="2022-09-08T12:36:52 GMT-05:00" skipped="0">
  <testcase classname="RESTAssured.get01" name="get_1" time="3.058"/>
  <system-out/>
</testsuite> <!-- RESTAssured.get01 -->
